-1.158e-11
-8.6485e-12
-6.0381e-12
-5.1929e-12
-2.1991e-12
-1.6198e-12
-1.3658e-12
-1.0118e-12
-8.7711e-13
-1.673e-13
-8.3398e-14
-7.8087e-14
-5.6447e-14
-3.6333e-14
-2.6746e-14
-2.5048e-15
-2.0459e-15
-5.8116e-16
-3.8087e-18
-1.3665e-28
-2.6624e-29
-6.0676e-30
-3.4501e-30
-1.2392e-45
-4.1112e-62
-1.627e-62
-5.4048e-63
-6.8117e-78
-2.0106e-95
0
0
0
0
0
0
0
0
0
0
0
0
0
0
0
0
1.139e-95
8.4913e-95
1.347e-93
4.9167e-79
2.1915e-78
5.343e-78
8.3449e-62
1.4381e-46
2.0457e-46
4.9667e-46
3.2242e-30
1.2655e-29
1.85e-18
9.0787e-18
9.9867e-18
1.2609e-17
1.0768e-16
1.9029e-16
3.1678e-16
1.4333e-15
2.7331e-15
3.3015e-15
1.643e-14
2.4697e-14
1.4709e-13
6.2233e-13
1.0728e-12
1.2979e-12
1.5642e-12
1.9231e-12
2.881e-12
2.9618e-12
3.912e-12
6.7599e-12
1.3773e-11
5.4996e-05
6.0363e-05
0.00030457
0.00036543
0.00055737
0.0029787
0.0063772
0.0069116
0.011365
0.013092
0.019765
0.024297
0.025499
0.033676
0.040575
0.045226
0.052184
0.058708
0.060532
0.066412
0.067696
0.071027
0.07603
0.080759
0.11118
0.13056
0.13532
0.14667
0.1583
0.16495
0.1768
0.23401
0.23665
0.25688
0.25764
0.29972
0.31132
0.37656
0.38568
0.5673
0.58693
0.60206
0.639
0.65042
0.65181
0.67878
0.70612
0.75211
0.79066
0.80326
0.84403
0.85347
0.96684
1.031
1.0539
1.0901
1.1109
1.1121
1.2121
1.2457
1.2781
1.3039
1.6549
1.6827
1.7024
1.7551
1.7837
1.8687
1.9043
2.0608
2.1318
2.1912
2.2435
2.3753
2.3882
2.3988
2.4661
2.6301
2.6882
2.7457
2.8417
2.8718
2.959
2.9958
3.1658
3.2492
3.4481
3.6593
3.7182
3.9005
4.0569
4.1428
4.2558
4.3907
4.4034
4.7489
4.783
4.9264
5.0829
5.407
5.4641
5.5212
5.6775
6.0353
6.052
6.1219
6.4449
6.6962
7.0685
7.3397
7.5449
7.674
7.7782
7.936
8.1348
8.4115
8.6413
8.7376
8.9497
8.9916
9.151
9.3032
9.72
10.258
10.435
10.472
10.721
11.218
11.582
11.708
12.215
12.98
13.094
13.161
13.644
13.726
13.903
14.463
14.71
14.97
15.588
16.329
16.487
16.922
17.198
17.529
17.787
17.869
18.325
18.679
19.021
19.447
20.04
20.686
20.886
22.117
22.239
22.759
22.96
23.831
24.223
24.991
25.405
25.582
26.34
26.506
27.145
27.481
28.122
29.225
29.438
30.615
30.819
31.13
31.544
31.932
32.622
33.854
35.384
35.623
35.881
36.6
37.532
38.025
39.381
39.803
39.938
40.035
40.683
42.03
42.288
42.344
43
45.214
45.494
46.052
46.975
47.585
47.709
48.781
49.108
49.655
50.632
51.541
52.134
52.517
53.774
53.895
54.285
55.336
59.242
59.856
60.819
61.423
62.426
63.729
64.717
64.926
66.881
67.937
68.548
69.751
70.905
71.377
72.51
72.854
73.419
74.767
76.814
77.882
79.183
81.105
82.53
83.235
83.724
84.943
85.26
87.256
87.802
87.993
91.629
92.348
95.798
97.043
97.673
99.206
99.894
101.12
102.4
103.56
105.84
107.47
108.37
110.37
113.74
114.04
115.81
116.83
118.25
119.39
120.65
121.25
123.92
125.31
127.77
128.71
129.38
130.21
131.76
137.71
138.74
139.07
141.19
143.61
145.7
146.29
147.37
149.78
152.37
156.53
157.77
158.36
160.87
162.13
165.73
169.18
169.47
171.99
173.93
176.01
176.42
179.25
181.18
182.45
184.84
185.29
187.03
188.85
192.62
193.24
197.47
198.33
200.07
201.92
204.27
206.98
208.65
210.55
215.21
216.03
219.38
223.23
226.11
228.35
230.15
233.04
235.42
237.62
238.83
244.77
246.41
248.09
249.12
250.71
251.29
254.92
257.31
260.13
263.06
265.98
267.98
269.16
271.3
273.72
277.67
282.14
283.32
284.1
287.88
290.64
292.03
292.06
294.97
299.19
300.58
303.29
305.56
307.74
309.17
310.79
312.77
314.49
317.89
319.52
323.24
324.9
330.67
333.03
333.15
338.54
341.48
342.6
345.44
348.11
351.01
353.94
358.5
358.73
364.28
366.49
367.16
370.18
372.51
374.92
375.51
377.61
378.75
383.77
388.68
390.2
393.4
396.15
397.46
402.59
406.03
408.71
412.36
415.06
416.15
420.06
420.81
425.91
429.78
432.29
434.78
436.03
439.04
441.39
446.05
449.01
454.28
458.09
461.55
464.14
465.14
468.33
471.99
475.07
481.87
485.69
487.16
490.88
492.49
492.68
501.09
503.76
509.23
511.8
516.48
518.13
521.4
527.56
530.38
533.72
540
543.92
545.49
550.39
550.93
557.16
559.84
562.85
564.19
570.97
575.86
577.37
579.57
587.68
588.85
592.45
595.75
600.46
603.07
606.83
616.79
622.9
626.1
627.7
632.21
634.25
635.26
641.58
646.93
653.32
659.76
661.62
665.23
669.01
675.84
679.88
685.66
692.93
698.04
699.67
704.56
714.67
724.11
726.26
733.56
738.15
741.5
746.5
753.61
758.84
771.91
775.97
780.51
786.33
793.22
796.89
812.03
819.34
821.98
825.11
827.57
835.45
839.49
850.32
852.62
861.64
868.17
872.62
877.01
881.18
886.85
897.95
899.87
902.78
916.18
918.68
932.69
941.28
948.68
965.24
974.22
978.66
993.38
1006.1
1007.5
1009.9
1024.5
1029.2
1043.3
1053.7
1065.1
1067.7
1088
1089.3
1100.4
1102.4
1115
1117.8
1132.7
1149.9
1164.7
1174.1
1178.8
1185.8
1211.4
1212.3
1226.1
1233.9
1246.8
1258
1283.7
1289.6
1302.3
1310.6
1344.1
1353.2
1354.2
1368.6
1398
1421.1
1429.8
1443.4
1457.4
1506.8
1515.6
1543.6
1551.3
1567.1
1584.3
1597.8
1606.7
1630
1637
1663.4
1690.7
1701
1716.8
1734.7
1755.5
1792.4
1805.5
1835
1899.6
1938.5
1956.4
1976.2
2007.6
2012
2031.1
2073.7
2080.1
2124
2150.1
2181.9
2214.3
2253.2
2286.1
2334.9
2354.8
2379.9
2404.9
2456.4
2492.3
2522.2
2576.3
2602.4
2650.8
2669.8
2683.9
2704.9
2804.4
2869.3
2899.1
2966
3052.4
3115.7
3132.6
3223.3
3245.3
3347.5
3433.9
3485.3
3548.1
3566.8
3688.6
3713.3
3793.7
3855.2
3909.9
3978
4107.9
4198.1
4266.4
4453
4491
4543.5
4650.3
4767.6
4815.5
4845.4
4889.2
5042.9
5304.6
5515.1
5608.1
5704.6
5926.9
6074.5
6238.6
6413.1
6472.6
6649.6
6729.9
6966
7078.7
7346.5
7607
7815.5
8198.4
8231.9
8453.8
8716.3
8801.3
9128.7
9258.8
9641.3
9839.9
10086
10616
10833
11014
11555
11968
12397
12875
13205
13650
14363
15281
15554
16021
16331
16741
17487
18577
19379
20223
20582
21936
22595
23580
25434
26696
27879
28803
30482
31347
33135
34862
36819
39586
40795
44049
45318
50935
54296
58131
58466
70707
72091
80661
95016
99315
1.1253e+05
1.4777e+05
1.6807e+05
1.8473e+05
2.1105e+05
2.4589e+05
3.3478e+05
